::1 - - [05/Mar/2023:10:03:21 +0000] "GET / HTTP/1.1" 500 1592 "-" "Mozilla/5.0 (Windows NT 10.0; Win64; x64) AppleWebKit/537.36 (KHTML, like Gecko) Chrome/110.0.0.0 Safari/537.36"
::1 - - [05/Mar/2023:10:03:22 +0000] "GET /favicon.ico HTTP/1.1" 404 150 "http://localhost:8000/" "Mozilla/5.0 (Windows NT 10.0; Win64; x64) AppleWebKit/537.36 (KHTML, like Gecko) Chrome/110.0.0.0 Safari/537.36"
[0mGET / [32m200[0m 58.053 ms - 2886[0m
[0mGET /favicon.ico [33m404[0m 17.877 ms - 150[0m
[0mGET /users/sign-up [32m200[0m 22.769 ms - 2251[0m
[0mGET /users/css/layout.css [33m404[0m 20.246 ms - 159[0m
[0mGET /users/css/header.css [33m404[0m 11.090 ms - 159[0m
[0mGET /users/css/footer.css [33m404[0m 13.922 ms - 159[0m
[0mPOST /users/create [36m302[0m 39.613 ms - 72[0m
[0mGET /users/sign-in [32m200[0m 4.889 ms - 2095[0m
[0mGET /users/css/layout.css [33m404[0m 18.984 ms - 159[0m
[0mGET /users/css/header.css [33m404[0m 13.773 ms - 159[0m
[0mGET /users/css/footer.css [33m404[0m 11.093 ms - 159[0m
[0mPOST /users/create-session [36m302[0m 11.916 ms - 46[0m
[0mGET / [32m200[0m 17.163 ms - 4042[0m
[0mPOST /posts/create [32m200[0m 45.892 ms - 273[0m
[0mPOST /likes/toggle/?id=6405d93299fc0eba6ad77d97&type=Post [32m200[0m 49.773 ms - 58[0m
[0mPOST /likes/toggle/?id=6405d93299fc0eba6ad77d97&type=Post [32m200[0m 36.108 ms - 57[0m
[0mPOST /likes/toggle/?id=6405d93299fc0eba6ad77d97&type=Post [32m200[0m 37.761 ms - 58[0m
[0mGET /posts/destroy/6405d93299fc0eba6ad77d97 [32m200[0m 44.295 ms - 72[0m
[0mPOST /posts/create [32m200[0m 29.981 ms - 273[0m
[0mPOST /comments/create [32m200[0m 43.838 ms - 441[0m
[0mPOST /likes/toggle/?id=6405d93f99fc0eba6ad77dbb&type=Comment [32m200[0m 42.281 ms - 58[0m
[0mPOST /comments/create [32m200[0m 23.712 ms - 441[0m
[0mGET / [32m200[0m 92.339 ms - 4912[0m
[0mGET /favicon.ico [33m404[0m 6.986 ms - 150[0m
[0mGET / [36m304[0m 56.901 ms - -[0m
[0mGET /users/sign-in [32m200[0m 20.094 ms - 2095[0m
[0mGET /users/css/layout.css [33m404[0m 22.977 ms - 159[0m
[0mGET /users/css/header.css [33m404[0m 15.852 ms - 159[0m
[0mGET /users/css/footer.css [33m404[0m 16.447 ms - 159[0m
[0mPOST /users/create-session [36m302[0m 13.654 ms - 72[0m
[0mGET /users/sign-in [32m200[0m 4.681 ms - 2387[0m
[0mGET /users/css/layout.css [33m404[0m 14.788 ms - 159[0m
[0mGET /users/css/header.css [33m404[0m 16.088 ms - 159[0m
[0mGET /users/css/footer.css [33m404[0m 18.350 ms - 159[0m
[0mPOST /users/create-session [36m302[0m 9.347 ms - 46[0m
[0mGET / [32m200[0m 38.030 ms - 7086[0m
[0mGET / [32m200[0m 82.127 ms - 6795[0m
[0mGET / [36m304[0m 147.493 ms - -[0m
[0mGET / [32m200[0m 86.218 ms - 4912[0m
[0mGET /favicon.ico [33m404[0m 13.630 ms - 150[0m
[0mGET /users/sign-in [32m200[0m 11.636 ms - 2095[0m
[0mGET /users/css/layout.css [33m404[0m 15.461 ms - 159[0m
[0mGET /users/css/header.css [33m404[0m 15.101 ms - 159[0m
[0mGET /users/css/footer.css [33m404[0m 16.045 ms - 159[0m
[0mGET /users/css/layout.css [33m404[0m 11.409 ms - 159[0m
[0mGET /users/css/header.css [33m404[0m 12.548 ms - 159[0m
[0mGET /users/css/footer.css [33m404[0m 17.267 ms - 159[0m
[0mGET /users/sign-up [32m200[0m 8.937 ms - 2251[0m
[0mGET /users/css/layout.css [33m404[0m 9.254 ms - 159[0m
[0mGET /users/css/header.css [33m404[0m 10.806 ms - 159[0m
[0mGET /users/css/footer.css [33m404[0m 13.569 ms - 159[0m
[0mGET /users/css/layout.css [33m404[0m 4.704 ms - 159[0m
[0mGET /users/css/header.css [33m404[0m 7.760 ms - 159[0m
[0mGET /users/css/footer.css [33m404[0m 10.514 ms - 159[0m
[0mGET / [31m500[0m 150.273 ms - 1812[0m
[0mGET / [31m500[0m 37.078 ms - 1812[0m
[0mGET /favicon.ico [33m404[0m 6.385 ms - 150[0m
[0mGET / [31m500[0m 115.936 ms - 1812[0m
[0mGET / [31m500[0m 71.355 ms - 1812[0m
[0mGET / [31m500[0m 60.881 ms - 1646[0m
[0mGET / [32m200[0m 120.031 ms - 4857[0m
[0mGET /undefined [33m404[0m 9.467 ms - 148[0m
[0mGET /undefined [33m404[0m 4.500 ms - 148[0m
[0mGET /undefined [33m404[0m 2.805 ms - 148[0m
[0mGET /undefined [33m404[0m 3.803 ms - 148[0m
[0mGET /undefined [33m404[0m 5.006 ms - 148[0m
[0mGET /undefined [33m404[0m 5.368 ms - 148[0m
[0mGET / [36m304[0m 104.310 ms - -[0m
[0mGET /undefined [33m404[0m 10.383 ms - 148[0m
[0mGET /undefined [33m404[0m 10.150 ms - 148[0m
[0mGET /undefined [33m404[0m 3.145 ms - 148[0m
[0mGET /undefined [33m404[0m 4.050 ms - 148[0m
[0mGET /undefined [33m404[0m 3.105 ms - 148[0m
[0mGET /undefined [33m404[0m 3.023 ms - 148[0m
[0mGET /users/sign-up [32m200[0m 18.499 ms - 2239[0m
[0mGET /undefined [33m404[0m 4.261 ms - 148[0m
[0mGET / [36m304[0m 89.345 ms - -[0m
[0mGET /undefined [33m404[0m 5.014 ms - 148[0m
[0mGET /undefined [33m404[0m 4.975 ms - 148[0m
[0mGET /undefined [33m404[0m 2.921 ms - 148[0m
[0mGET /undefined [33m404[0m 3.824 ms - 148[0m
[0mGET /undefined [33m404[0m 5.811 ms - 148[0m
[0mGET /undefined [33m404[0m 3.860 ms - 148[0m
[0mGET / [36m304[0m 104.202 ms - -[0m
[0mGET /undefined [33m404[0m 7.219 ms - 148[0m
[0mGET /undefined [33m404[0m 5.733 ms - 148[0m
[0mGET /undefined [33m404[0m 3.136 ms - 148[0m
[0mGET /undefined [33m404[0m 3.716 ms - 148[0m
[0mGET /undefined [33m404[0m 3.531 ms - 148[0m
[0mGET /undefined [33m404[0m 3.535 ms - 148[0m
[0mGET /users/sign-up [36m304[0m 24.289 ms - -[0m
[0mGET /undefined [33m404[0m 4.391 ms - 148[0m
[0mGET /users/sign-in [32m200[0m 17.730 ms - 2083[0m
[0mGET /undefined [33m404[0m 3.717 ms - 148[0m
[0mPOST /users/create-session [36m302[0m 18.962 ms - 72[0m
[0mGET /users/sign-in [32m200[0m 7.152 ms - 2375[0m
[0mGET /undefined [33m404[0m 5.149 ms - 148[0m
[0mPOST /users/create-session [36m302[0m 8.074 ms - 72[0m
[0mGET /users/sign-in [36m304[0m 7.208 ms - -[0m
[0mGET /undefined [33m404[0m 3.519 ms - 148[0m
[0mPOST /users/create-session [36m302[0m 6.124 ms - 72[0m
[0mGET /users/sign-in [36m304[0m 6.034 ms - -[0m
[0mGET /undefined [33m404[0m 5.321 ms - 148[0m
[0mGET /users/auth/google [36m302[0m 7.911 ms - 0[0m
[0mGET /users/auth/google/callback?code=4%2F0AWtgzh4GSZ41-CQ9Px_KEHBWQkg7ig9yB3udgSgzfVOpGoERhj6eInwnLWvIUz5ykD6exg&scope=email+profile+https%3A%2F%2Fwww.googleapis.com%2Fauth%2Fuserinfo.profile+https%3A%2F%2Fwww.googleapis.com%2Fauth%2Fuserinfo.email+openid&authuser=0&prompt=consent [36m302[0m 790.452 ms - 46[0m
[0mGET / [32m200[0m 51.970 ms - 7055[0m
[0mGET /undefined [33m404[0m 7.430 ms - 148[0m
[0mGET /undefined [33m404[0m 7.578 ms - 148[0m
[0mGET /undefined [33m404[0m 4.523 ms - 148[0m
[0mGET /undefined [33m404[0m 6.240 ms - 148[0m
[0mGET /undefined [33m404[0m 6.466 ms - 148[0m
[0mGET /undefined [33m404[0m 7.171 ms - 148[0m
[0mPOST /comments/create [36m302[0m 42.240 ms - 46[0m
[0mGET / [32m200[0m 45.450 ms - 7780[0m
[0mGET /undefined [33m404[0m 8.680 ms - 148[0m
[0mGET /undefined [33m404[0m 8.754 ms - 148[0m
[0mGET /undefined [33m404[0m 5.880 ms - 148[0m
[0mGET /undefined [33m404[0m 6.707 ms - 148[0m
[0mGET /undefined [33m404[0m 7.016 ms - 148[0m
[0mGET /undefined [33m404[0m 6.810 ms - 148[0m
[0mGET / [32m200[0m 112.697 ms - 7548[0m
[0mGET / [36m304[0m 45.871 ms - -[0m
[0mGET / [36m304[0m 49.053 ms - -[0m
[0mGET /users/sign-out [36m302[0m 27.104 ms - 46[0m
[0mGET / [32m200[0m 22.393 ms - 5912[0m
[0mGET /users/sign-in [32m200[0m 10.452 ms - 2095[0m
[0mGET /users/css/layout.css [33m404[0m 9.626 ms - 159[0m
[0mGET /users/css/header.css [33m404[0m 9.492 ms - 159[0m
[0mGET /users/css/footer.css [33m404[0m 12.590 ms - 159[0m
[0mGET /users/css/layout.css [33m404[0m 6.405 ms - 159[0m
[0mGET /users/css/header.css [33m404[0m 7.573 ms - 159[0m
[0mGET /users/css/footer.css [33m404[0m 8.531 ms - 159[0m
[0mGET /users/sign-up [32m200[0m 16.561 ms - 2251[0m
[0mGET /users/css/layout.css [33m404[0m 7.144 ms - 159[0m
[0mGET /users/css/header.css [33m404[0m 7.497 ms - 159[0m
[0mGET /users/css/footer.css [33m404[0m 11.296 ms - 159[0m
[0mGET /users/css/layout.css [33m404[0m 4.588 ms - 159[0m
[0mGET /users/css/header.css [33m404[0m 4.749 ms - 159[0m
[0mGET /users/css/footer.css [33m404[0m 7.342 ms - 159[0m
[0mGET /users/css/layout.css [33m404[0m 6.893 ms - 159[0m
[0mGET /users/css/header.css [33m404[0m 9.248 ms - 159[0m
[0mGET /users/css/footer.css [33m404[0m 8.395 ms - 159[0m
[0mGET / [32m200[0m 85.346 ms - 5623[0m
[0mGET /favicon.ico [33m404[0m 4.450 ms - 150[0m
[0mGET /users/sign-up [36m304[0m 6.080 ms - -[0m
[0mGET /users/css/layout.css [33m404[0m 11.120 ms - 159[0m
[0mGET /users/css/header.css [33m404[0m 12.619 ms - 159[0m
[0mGET /users/css/footer.css [33m404[0m 13.165 ms - 159[0m
[0mGET /users/css/layout.css [33m404[0m 3.915 ms - 159[0m
[0mGET /users/css/header.css [33m404[0m 4.236 ms - 159[0m
[0mGET /users/css/footer.css [33m404[0m 6.331 ms - 159[0m
[0mGET / [36m304[0m 45.937 ms - -[0m
[0mGET / [36m304[0m 51.461 ms - -[0m
[0mGET / [36m304[0m 48.499 ms - -[0m
[0mGET /users/sign-up [36m304[0m 6.640 ms - -[0m
[0mGET /users/css/layout.css [33m404[0m 11.872 ms - 159[0m
[0mGET /users/css/header.css [33m404[0m 14.337 ms - 159[0m
[0mGET /users/css/footer.css [33m404[0m 17.075 ms - 159[0m
[0mGET / [32m200[0m 46.510 ms - 5568[0m
[0mGET /undefined [33m404[0m 6.373 ms - 148[0m
[0mGET /undefined [33m404[0m 4.439 ms - 148[0m
[0mGET /undefined [33m404[0m 3.107 ms - 148[0m
[0mGET /undefined [33m404[0m 2.075 ms - 148[0m
[0mGET /undefined [33m404[0m 2.639 ms - 148[0m
[0mGET /undefined [33m404[0m 5.443 ms - 148[0m
[0mGET / [31m500[0m 38.978 ms - 1646[0m
[0mGET / [31m500[0m 39.941 ms - 1646[0m
[0mGET / [32m200[0m 45.074 ms - 5568[0m
[0mGET /undefined [33m404[0m 5.142 ms - 148[0m
[0mGET /undefined [33m404[0m 3.492 ms - 148[0m
[0mGET /undefined [33m404[0m 2.928 ms - 148[0m
[0mGET /undefined [33m404[0m 3.778 ms - 148[0m
[0mGET /undefined [33m404[0m 4.377 ms - 148[0m
[0mGET /undefined [33m404[0m 3.094 ms - 148[0m
[0mGET / [36m304[0m 43.341 ms - -[0m
[0mGET /undefined [33m404[0m 6.167 ms - 148[0m
[0mGET /undefined [33m404[0m 3.832 ms - 148[0m
[0mGET /undefined [33m404[0m 3.050 ms - 148[0m
[0mGET /undefined [33m404[0m 3.463 ms - 148[0m
[0mGET /undefined [33m404[0m 3.638 ms - 148[0m
[0mGET /undefined [33m404[0m 2.306 ms - 148[0m
[0mGET / [36m304[0m 42.263 ms - -[0m
[0mGET /undefined [33m404[0m 6.006 ms - 148[0m
[0mGET /undefined [33m404[0m 3.463 ms - 148[0m
[0mGET /undefined [33m404[0m 2.371 ms - 148[0m
[0mGET /undefined [33m404[0m 3.188 ms - 148[0m
[0mGET /undefined [33m404[0m 2.319 ms - 148[0m
[0mGET /undefined [33m404[0m 5.125 ms - 148[0m
[0mGET / [36m304[0m 46.874 ms - -[0m
[0mGET /undefined [33m404[0m 3.535 ms - 148[0m
[0mGET /undefined [33m404[0m 5.134 ms - 148[0m
[0mGET /undefined [33m404[0m 2.443 ms - 148[0m
[0mGET /undefined [33m404[0m 3.334 ms - 148[0m
[0mGET /undefined [33m404[0m 2.577 ms - 148[0m
[0mGET /undefined [33m404[0m 4.352 ms - 148[0m
[0mGET / [36m304[0m 48.868 ms - -[0m
[0mGET /undefined [33m404[0m 5.809 ms - 148[0m
[0mGET /undefined [33m404[0m 4.696 ms - 148[0m
[0mGET /undefined [33m404[0m 3.455 ms - 148[0m
[0mGET /undefined [33m404[0m 3.042 ms - 148[0m
[0mGET /undefined [33m404[0m 3.675 ms - 148[0m
[0mGET /undefined [33m404[0m 4.676 ms - 148[0m
[0mGET / [36m304[0m 60.328 ms - -[0m
[0mGET /undefined [33m404[0m 6.501 ms - 148[0m
[0mGET /undefined [33m404[0m 5.042 ms - 148[0m
[0mGET /undefined [33m404[0m 2.754 ms - 148[0m
[0mGET /undefined [33m404[0m 4.986 ms - 148[0m
[0mGET /undefined [33m404[0m 3.119 ms - 148[0m
[0mGET /undefined [33m404[0m 5.728 ms - 148[0m
[0mGET / [32m200[0m 48.840 ms - 5623[0m
[0mGET / [36m304[0m 45.278 ms - -[0m
[0mGET /users/sign-up [36m304[0m 7.562 ms - -[0m
[0mGET /users/css/layout.css [33m404[0m 7.854 ms - 159[0m
[0mGET /users/css/header.css [33m404[0m 10.170 ms - 159[0m
[0mGET /users/css/footer.css [33m404[0m 6.381 ms - 159[0m
[0mGET /users/css/layout.css [33m404[0m 7.657 ms - 159[0m
[0mGET /users/css/header.css [33m404[0m 6.956 ms - 159[0m
[0mGET /users/css/footer.css [33m404[0m 7.450 ms - 159[0m
[0mGET /users/sign-up [32m200[0m 14.166 ms - 2239[0m
[0mGET /undefined [33m404[0m 4.842 ms - 148[0m
[0mGET /users/sign-up [36m304[0m 7.359 ms - -[0m
[0mGET /undefined [33m404[0m 4.525 ms - 148[0m
[0mGET /users/sign-up [32m200[0m 12.997 ms - 2251[0m
[0mGET /users/css/layout.css [33m404[0m 13.917 ms - 159[0m
[0mGET /users/css/header.css [33m404[0m 10.475 ms - 159[0m
[0mGET /users/css/footer.css [33m404[0m 13.929 ms - 159[0m
[0mGET /users/css/layout.css [33m404[0m 5.048 ms - 159[0m
[0mGET /users/css/header.css [33m404[0m 5.520 ms - 159[0m
[0mGET /users/css/footer.css [33m404[0m 6.989 ms - 159[0m
[0mGET /users/sign-up [36m304[0m 5.217 ms - -[0m
[0mGET /users/css/layout.css [33m404[0m 7.469 ms - 159[0m
[0mGET /users/css/header.css [33m404[0m 8.336 ms - 159[0m
[0mGET /users/css/footer.css [33m404[0m 7.243 ms - 159[0m
[0mGET / [36m304[0m 40.647 ms - -[0m
[0mGET /users/sign-up [36m304[0m 4.238 ms - -[0m
[0mGET /users/css/layout.css [33m404[0m 3.857 ms - 159[0m
[0mGET /users/css/header.css [33m404[0m 5.378 ms - 159[0m
[0mGET /users/css/footer.css [33m404[0m 5.984 ms - 159[0m
[0mGET /users/css/layout.css [33m404[0m 3.141 ms - 159[0m
[0mGET /users/css/header.css [33m404[0m 2.639 ms - 159[0m
[0mGET /users/css/footer.css [33m404[0m 3.243 ms - 159[0m
[0mGET /users/sign-up [36m304[0m 4.375 ms - -[0m
[0mGET /users/css/layout.css [33m404[0m 3.524 ms - 159[0m
[0mGET /users/css/header.css [33m404[0m 5.854 ms - 159[0m
[0mGET /users/css/footer.css [33m404[0m 4.228 ms - 159[0m
[0mGET /users/css/layout.css [33m404[0m 2.314 ms - 159[0m
[0mGET /users/css/header.css [33m404[0m 3.324 ms - 159[0m
[0mGET /users/css/footer.css [33m404[0m 4.067 ms - 159[0m
[0mGET / [32m200[0m 91.909 ms - 5623[0m
[0mGET /favicon.ico [33m404[0m 6.485 ms - 150[0m
[0mGET /users/sign-up [36m304[0m 21.371 ms - -[0m
[0mGET /users/css/layout.css [33m404[0m 14.324 ms - 159[0m
[0mGET /users/css/header.css [33m404[0m 12.279 ms - 159[0m
[0mGET /users/css/footer.css [33m404[0m 16.148 ms - 159[0m
[0mGET /users/css/layout.css [33m404[0m 6.762 ms - 159[0m
[0mGET /users/css/header.css [33m404[0m 7.193 ms - 159[0m
[0mGET /users/css/footer.css [33m404[0m 8.623 ms - 159[0m
[0mGET /users/sign-up [36m304[0m 9.473 ms - -[0m
[0mGET /users/css/layout.css [33m404[0m 8.716 ms - 159[0m
[0mGET /users/css/header.css [33m404[0m 12.318 ms - 159[0m
[0mGET /users/css/footer.css [33m404[0m 15.093 ms - 159[0m
[0mGET /users/sign-up [36m304[0m 17.738 ms - -[0m
[0mGET /users/css/layout.css [33m404[0m 29.211 ms - 159[0m
[0mGET /users/css/header.css [33m404[0m 26.964 ms - 159[0m
[0mGET /users/css/footer.css [33m404[0m 25.515 ms - 159[0m
[0mGET /users/sign-up [32m200[0m 14.183 ms - 2117[0m
[0mGET /users/sign-in [32m200[0m 5.994 ms - 1961[0m
[0mGET /users/auth/google [36m302[0m 6.759 ms - 0[0m
[0mGET /users/auth/google/callback?code=4/0AWtgzh6-tvsJMCjKEUxlthKIX_AoFRG5o7k31imGLCoA6z-cmIc5YT0MN10KA9RVzfUzyw&scope=email%20profile%20https://www.googleapis.com/auth/userinfo.profile%20https://www.googleapis.com/auth/userinfo.email%20openid&authuser=0&hd=codingninjas.com&prompt=consent [36m302[0m 733.356 ms - 46[0m
[0mGET / [32m200[0m 38.108 ms - 7432[0m
[0mGET /socket.io/?EIO=3&transport=polling&t=OR0K0Qt [33m404[0m 7.687 ms - 149[0m
[0mGET /socket.io/?EIO=3&transport=polling&t=OR0K0ga [33m404[0m 10.847 ms - 149[0m
[0mGET /socket.io/?EIO=3&transport=polling&t=OR0K15Y [33m404[0m 11.435 ms - 149[0m
[0mGET /socket.io/?EIO=3&transport=polling&t=OR0K1gk [33m404[0m 11.648 ms - 149[0m
[0mGET /socket.io/?EIO=3&transport=polling&t=OR0K37v [33m404[0m 6.180 ms - 149[0m
[0mGET /socket.io/?EIO=3&transport=polling&t=OR0K4bm [33m404[0m 5.814 ms - 149[0m
[0mGET /socket.io/?EIO=3&transport=polling&t=OR0K63L [33m404[0m 6.264 ms - 149[0m
[0mGET /socket.io/?EIO=3&transport=polling&t=OR0Nmwk [33m404[0m 105.880 ms - 149[0m
[0mGET /socket.io/?EIO=3&transport=polling&t=OR0NoOW [33m404[0m 27.734 ms - 149[0m
[0mGET /socket.io/?EIO=3&transport=polling&t=OR0NpsH [33m404[0m 23.739 ms - 149[0m
[0mGET /socket.io/?EIO=3&transport=polling&t=OR0NrJy [33m404[0m 10.684 ms - 149[0m
[0mGET /socket.io/?EIO=3&transport=polling&t=OR0Nsnm [33m404[0m 11.669 ms - 149[0m
[0mGET /socket.io/?EIO=3&transport=polling&t=OR0NuFS [33m404[0m 7.071 ms - 149[0m
[0mGET /socket.io/?EIO=3&transport=polling&t=OR0Nvj3 [33m404[0m 6.595 ms - 149[0m
[0mGET /socket.io/?EIO=3&transport=polling&t=OR0NxAx [33m404[0m 10.417 ms - 149[0m
[0mGET /socket.io/?EIO=3&transport=polling&t=OR0Nyei [33m404[0m 9.327 ms - 149[0m
[0mGET /socket.io/?EIO=3&transport=polling&t=OR0N-6U [33m404[0m 14.603 ms - 149[0m
[0mGET /socket.io/?EIO=3&transport=polling&t=OR0N_aG [33m404[0m 7.821 ms - 149[0m
[0mGET /socket.io/?EIO=3&transport=polling&t=OR0O11p [33m404[0m 8.788 ms - 149[0m
[0mGET /socket.io/?EIO=3&transport=polling&t=OR0O2Vo [33m404[0m 8.665 ms - 149[0m
[0mGET /socket.io/?EIO=3&transport=polling&t=OR0O3zQ [33m404[0m 5.546 ms - 149[0m
[0mGET /socket.io/?EIO=3&transport=polling&t=OR0O5RC [33m404[0m 7.438 ms - 149[0m
[0mGET /socket.io/?EIO=3&transport=polling&t=OR0O6uz [33m404[0m 5.850 ms - 149[0m
[0mGET /socket.io/?EIO=3&transport=polling&t=OR0O8Mb [33m404[0m 6.497 ms - 149[0m
[0mGET /socket.io/?EIO=3&transport=polling&t=OR0O9qW [33m404[0m 13.409 ms - 149[0m
[0mGET /socket.io/?EIO=3&transport=polling&t=OR0OBID [33m404[0m 17.801 ms - 149[0m
[0mGET /socket.io/?EIO=3&transport=polling&t=OR0OCl- [33m404[0m 8.491 ms - 149[0m
[0mGET /socket.io/?EIO=3&transport=polling&t=OR0OEDh [33m404[0m 10.311 ms - 149[0m
[0mGET /socket.io/?EIO=3&transport=polling&t=OR0OFhW [33m404[0m 5.592 ms - 149[0m
[0mGET /socket.io/?EIO=3&transport=polling&t=OR0OH93 [33m404[0m 6.680 ms - 149[0m
[0mGET /socket.io/?EIO=3&transport=polling&t=OR0OId1 [33m404[0m 5.757 ms - 149[0m
[0mGET /socket.io/?EIO=3&transport=polling&t=OR0OK4Z [33m404[0m 6.819 ms - 149[0m
[0mGET /socket.io/?EIO=3&transport=polling&t=OR0OLYK [33m404[0m 5.797 ms - 149[0m
[0mGET /socket.io/?EIO=3&transport=polling&t=OR0ON09 [33m404[0m 5.759 ms - 149[0m
[0mGET /socket.io/?EIO=3&transport=polling&t=OR0OOT- [33m404[0m 6.638 ms - 149[0m
[0mGET /socket.io/?EIO=3&transport=polling&t=OR0OPxk [33m404[0m 6.269 ms - 149[0m
[0mGET /socket.io/?EIO=3&transport=polling&t=OR0ORPO [33m404[0m 6.184 ms - 149[0m
[0mGET /socket.io/?EIO=3&transport=polling&t=OR0OSt8 [33m404[0m 5.900 ms - 149[0m
[0mGET /socket.io/?EIO=3&transport=polling&t=OR0OUKw [33m404[0m 6.684 ms - 149[0m
[0mGET /socket.io/?EIO=3&transport=polling&t=OR0OVoa [33m404[0m 6.003 ms - 149[0m
[0mGET /socket.io/?EIO=3&transport=polling&t=OR0OXGU [33m404[0m 9.077 ms - 149[0m
[0mGET /socket.io/?EIO=3&transport=polling&t=OR0OYk4 [33m404[0m 9.276 ms - 149[0m
[0mGET /socket.io/?EIO=3&transport=polling&t=OR0OaBt [33m404[0m 4.913 ms - 149[0m
[0mGET /socket.io/?EIO=3&transport=polling&t=OR0Obfc [33m404[0m 4.590 ms - 149[0m
[0mGET /socket.io/?EIO=3&transport=polling&t=OR0Octy [33m404[0m 9.287 ms - 149[0m
[0mGET / [32m200[0m 73.763 ms - 5279[0m
[0mGET /favicon.ico [33m404[0m 5.187 ms - 150[0m
[0mGET /users/sign-in [32m200[0m 11.613 ms - 1961[0m
[0mPOST /users/create-session [36m302[0m 8.100 ms - 72[0m
[0mGET /users/sign-in [32m200[0m 5.931 ms - 2181[0m
[0mGET /users/auth/google [36m302[0m 20.342 ms - 0[0m
[0mGET /users/auth/google/callback?code=4%2F0AWtgzh6VvZ7MPYqXd3mAuLvuARDegS6bB0-n18LTkxFDYoQs6l5UOBSmxRHX9wsWPrmgyQ&scope=email+profile+https%3A%2F%2Fwww.googleapis.com%2Fauth%2Fuserinfo.profile+https%3A%2F%2Fwww.googleapis.com%2Fauth%2Fuserinfo.email+openid&authuser=0&prompt=none [36m302[0m 515.039 ms - 46[0m
[0mGET / [32m200[0m 61.613 ms - 7427[0m
[0mGET /socket.io/?EIO=3&transport=polling&t=OR0OiTY [33m404[0m 7.391 ms - 149[0m
[0mGET /socket.io/?EIO=3&transport=polling&t=OR0Oigg [33m404[0m 14.483 ms - 149[0m
[0mGET /socket.io/?EIO=3&transport=polling&t=OR0OjML [33m404[0m 13.055 ms - 149[0m
[0mGET /socket.io/?EIO=3&transport=polling&t=OR0OjyF [33m404[0m 10.135 ms - 149[0m
[0mGET /socket.io/?EIO=3&transport=polling&t=OR0OlAx [33m404[0m 10.846 ms - 149[0m
[0mGET /socket.io/?EIO=3&transport=polling&t=OR0OmPU [33m404[0m 10.336 ms - 149[0m
[0mGET /socket.io/?EIO=3&transport=polling&t=OR0One1 [33m404[0m 5.329 ms - 149[0m
[0mGET /socket.io/?EIO=3&transport=polling&t=OR0OosR [33m404[0m 6.992 ms - 149[0m
[0mGET /socket.io/?EIO=3&transport=polling&t=OR0Oq4p [33m404[0m 10.852 ms - 149[0m
[0mGET /socket.io/?EIO=3&transport=polling&t=OR0OrXM [33m404[0m 11.987 ms - 149[0m
[0mGET /socket.io/?EIO=3&transport=polling&t=OR0Os-w [33m404[0m 5.333 ms - 149[0m
[0mGET /socket.io/?EIO=3&transport=polling&t=OR0OuSq [33m404[0m 11.398 ms - 149[0m
[0mGET /socket.io/?EIO=3&transport=polling&t=OR0Ovwa [33m404[0m 14.518 ms - 149[0m
[0mGET /socket.io/?EIO=3&transport=polling&t=OR0OxOu [33m404[0m 7.293 ms - 149[0m
[0mGET /socket.io/?EIO=3&transport=polling&t=OR0Oyrz [33m404[0m 7.806 ms - 149[0m
[0mGET /socket.io/?EIO=3&transport=polling&t=OR0O-J_ [33m404[0m 7.448 ms - 149[0m
[0mGET /socket.io/?EIO=3&transport=polling&t=OR0O_oM [33m404[0m 8.546 ms - 149[0m
[0mGET /socket.io/?EIO=3&transport=polling&t=OR0P12C [33m404[0m 30.665 ms - 149[0m
[0mGET /socket.io/?EIO=3&transport=polling&t=OR0P2HJ [33m404[0m 10.795 ms - 149[0m
[0mGET /socket.io/?EIO=3&transport=polling&t=OR0P3Vn [33m404[0m 13.756 ms - 149[0m
[0mGET /socket.io/?EIO=3&transport=polling&t=OR0P4kW [33m404[0m 7.663 ms - 149[0m
[0mGET /socket.io/?EIO=3&transport=polling&t=OR0P5z3 [33m404[0m 8.171 ms - 149[0m
[0mGET / [32m200[0m 102.112 ms - 7208[0m
[0mGET /socket.io/?EIO=3&transport=polling&t=OR0P77t [33m404[0m 15.935 ms - 149[0m
[0mGET /socket.io/?EIO=3&transport=polling&t=OR0P7Pr [33m404[0m 8.317 ms - 149[0m
[0mGET /socket.io/?EIO=3&transport=polling&t=OR0P7yP [33m404[0m 7.933 ms - 149[0m
[0mGET /socket.io/?EIO=3&transport=polling&t=OR0P8bm [33m404[0m 8.089 ms - 149[0m
[0mGET /socket.io/?EIO=3&transport=polling&t=OR0P9qG [33m404[0m 6.635 ms - 149[0m
[0mGET / [32m200[0m 38.788 ms - 7939[0m
[0mPOST /comments/create [0m-[0m - ms - -[0m
[0mGET /socket.io/?EIO=3&transport=polling&t=OR0PAOD [33m404[0m 7.497 ms - 149[0m
[0mGET /socket.io/?EIO=3&transport=polling&t=OR0PAd- [33m404[0m 7.734 ms - 149[0m
[0mGET /socket.io/?EIO=3&transport=polling&t=OR0PB7A [33m404[0m 9.512 ms - 149[0m
[0mGET /socket.io/?EIO=3&transport=polling&t=OR0PB_B [33m404[0m 9.135 ms - 149[0m
[0mGET /socket.io/?EIO=3&transport=polling&t=OR0PDSa [33m404[0m 6.943 ms - 149[0m
[0mGET /socket.io/?EIO=3&transport=polling&t=OR0PEwM [33m404[0m 6.055 ms - 149[0m
[0mGET /socket.io/?EIO=3&transport=polling&t=OR0PGO3 [33m404[0m 14.115 ms - 149[0m
[0mGET /socket.io/?EIO=3&transport=polling&t=OR0PHrl [33m404[0m 6.709 ms - 149[0m
[0mGET /socket.io/?EIO=3&transport=polling&t=OR0PJJd [33m404[0m 13.332 ms - 149[0m
[0mGET /socket.io/?EIO=3&transport=polling&t=OR0PKnM [33m404[0m 6.869 ms - 149[0m
[0mGET /socket.io/?EIO=3&transport=polling&t=OR0PMEu [33m404[0m 14.209 ms - 149[0m
[0mGET /socket.io/?EIO=3&transport=polling&t=OR0PNin [33m404[0m 9.658 ms - 149[0m
[0mGET /socket.io/?EIO=3&transport=polling&t=OR0PPAa [33m404[0m 11.634 ms - 149[0m
[0mGET /socket.io/?EIO=3&transport=polling&t=OR0PQeF [33m404[0m 5.916 ms - 149[0m
[0mGET /socket.io/?EIO=3&transport=polling&t=OR0PS64 [33m404[0m 4.736 ms - 149[0m
[0mGET /socket.io/?EIO=3&transport=polling&t=OR0PTZq [33m404[0m 7.893 ms - 149[0m
[0mGET /socket.io/?EIO=3&transport=polling&t=OR0PUoT [33m404[0m 7.832 ms - 149[0m
[0mGET /socket.io/?EIO=3&transport=polling&t=OR0PWFX [33m404[0m 11.076 ms - 149[0m
[0mGET /socket.io/?EIO=3&transport=polling&t=OR0PXjP [33m404[0m 7.107 ms - 149[0m
[0mGET /socket.io/?EIO=3&transport=polling&t=OR0PZBC [33m404[0m 10.082 ms - 149[0m
[0mGET /socket.io/?EIO=3&transport=polling&t=OR0Paeq [33m404[0m 8.546 ms - 149[0m
[0mGET /socket.io/?EIO=3&transport=polling&t=OR0Pc6Z [33m404[0m 7.927 ms - 149[0m
[0mGET /socket.io/?EIO=3&transport=polling&t=OR0PdaR [33m404[0m 10.198 ms - 149[0m
[0mGET /socket.io/?EIO=3&transport=polling&t=OR0Pep8 [33m404[0m 12.525 ms - 149[0m
[0mGET /socket.io/?EIO=3&transport=polling&t=OR0PgGC [33m404[0m 8.436 ms - 149[0m
[0mGET /socket.io/?EIO=3&transport=polling&t=OR0Phjy [33m404[0m 7.123 ms - 149[0m
[0mGET /socket.io/?EIO=3&transport=polling&t=OR0PjBe [33m404[0m 15.203 ms - 149[0m
[0mGET /socket.io/?EIO=3&transport=polling&t=OR0PkfZ [33m404[0m 5.587 ms - 149[0m
[0mGET /socket.io/?EIO=3&transport=polling&t=OR0Pm7L [33m404[0m 8.190 ms - 149[0m
[0mGET /socket.io/?EIO=3&transport=polling&t=OR0Pnaz [33m404[0m 10.573 ms - 149[0m
[0mGET /socket.io/?EIO=3&transport=polling&t=OR0Pp2h [33m404[0m 8.018 ms - 149[0m
[0mGET /socket.io/?EIO=3&transport=polling&t=OR0PqWT [33m404[0m 8.440 ms - 149[0m
[0mGET /socket.io/?EIO=3&transport=polling&t=OR0Pr-N [33m404[0m 6.672 ms - 149[0m
[0mGET /socket.io/?EIO=3&transport=polling&t=OR0PtS3 [33m404[0m 7.929 ms - 149[0m
[0mGET /socket.io/?EIO=3&transport=polling&t=OR0Puvq [33m404[0m 12.708 ms - 149[0m
[0mGET /socket.io/?EIO=3&transport=polling&t=OR0PwNa [33m404[0m 5.661 ms - 149[0m
[0mGET /socket.io/?EIO=3&transport=polling&t=OR0Pxr7 [33m404[0m 4.656 ms - 149[0m
[0mGET /socket.io/?EIO=3&transport=polling&t=OR0PzIz [33m404[0m 12.028 ms - 149[0m
[0mGET /socket.io/?EIO=3&transport=polling&t=OR0P-mm [33m404[0m 5.588 ms - 149[0m
[0mGET /socket.io/?EIO=3&transport=polling&t=OR0Q0EW [33m404[0m 12.980 ms - 149[0m
[0mGET /socket.io/?EIO=3&transport=polling&t=OR0Q1i9 [33m404[0m 8.402 ms - 149[0m
[0mGET /socket.io/?EIO=3&transport=polling&t=OR0Q3A4 [33m404[0m 12.778 ms - 149[0m
[0mGET /socket.io/?EIO=3&transport=polling&t=OR0Q4dm [33m404[0m 5.751 ms - 149[0m
[0mGET /socket.io/?EIO=3&transport=polling&t=OR0Q65Y [33m404[0m 5.076 ms - 149[0m
[0mGET / [36m304[0m 76.910 ms - -[0m
[0mGET / [32m200[0m 55.372 ms - 8670[0m
[0mPOST /comments/create [0m-[0m - ms - -[0m
[0mGET / [32m200[0m 49.360 ms - 9400[0m
[0mPOST /comments/create [0m-[0m - ms - -[0m
[0mGET / [32m200[0m 50.046 ms - 13050[0m
[0mPOST /comments/create [0m-[0m - ms - -[0m
[0mPOST /comments/create [0m-[0m - ms - -[0m
[0mPOST /comments/create [0m-[0m - ms - -[0m
[0mPOST /comments/create [0m-[0m - ms - -[0m
[0mPOST /comments/create [0m-[0m - ms - -[0m
[0mGET / [36m304[0m 78.074 ms - -[0m
[0mPOST /posts/create [32m200[0m 35.095 ms - 273[0m
[0mGET / [32m200[0m 106.159 ms - 14543[0m
[0mGET / [32m200[0m 37.052 ms - 15274[0m
[0mPOST /comments/create [0m-[0m - ms - -[0m
[0mGET / [36m304[0m 40.250 ms - -[0m
[0mGET / [32m200[0m 39.086 ms - 17461[0m
[0mPOST /comments/create [0m-[0m - ms - -[0m
[0mPOST /comments/create [0m-[0m - ms - -[0m
[0mPOST /comments/create [0m-[0m - ms - -[0m
[0mGET / [32m200[0m 131.546 ms - 17462[0m
[0mGET / [32m200[0m 45.169 ms - 18918[0m
[0mPOST /comments/create [0m-[0m - ms - -[0m
[0mPOST /comments/create [0m-[0m - ms - -[0m
[0mGET / [32m200[0m 68.091 ms - 21111[0m
[0mPOST /comments/create [0m-[0m - ms - -[0m
[0mGET / [36m304[0m 158.367 ms - -[0m
[0mPOST /posts/create [32m200[0m 23.704 ms - 272[0m
[0mGET / [32m200[0m 69.100 ms - 24063[0m
[0mPOST /comments/create [0m-[0m - ms - -[0m
[0mGET / [36m304[0m 63.380 ms - -[0m
[0mGET / [36m304[0m 122.387 ms - -[0m
[0mGET /comments/create [33m404[0m 13.751 ms - 154[0m
[0mGET / [32m200[0m 67.357 ms - 25521[0m
[0mPOST /comments/create [0m-[0m - ms - -[0m
[0mPOST /comments/create [0m-[0m - ms - -[0m
[0mGET / [32m200[0m 66.804 ms - 26250[0m
[0mPOST /comments/create [0m-[0m - ms - -[0m
[0mGET / [32m200[0m 70.242 ms - 26981[0m
[0mPOST /comments/create [0m-[0m - ms - -[0m
[0mGET / [36m304[0m 158.103 ms - -[0m
[0mPOST /posts/create [32m200[0m 23.929 ms - 274[0m
[0mGET / [32m200[0m 73.299 ms - 29942[0m
[0mPOST /comments/create [0m-[0m - ms - -[0m
[0mPOST /comments/create [0m-[0m - ms - -[0m
[0mGET / [36m304[0m 114.196 ms - -[0m
[0mPOST /posts/create [32m200[0m 13.710 ms - 272[0m
[0mGET / [32m200[0m 110.192 ms - 32167[0m
[0mGET /comments/create [33m404[0m 12.766 ms - 154[0m
[0mGET / [32m200[0m 96.164 ms - 33627[0m
[0mPOST /comments/create [0m-[0m - ms - -[0m
[0mGET / [32m200[0m 269.187 ms - 34357[0m
[0mPOST /comments/create [0m-[0m - ms - -[0m
[0mGET / [32m200[0m 178.987 ms - 37277[0m
[0mPOST /comments/create [0m-[0m - ms - -[0m
[0mGET / [32m200[0m 88.969 ms - 38739[0m
[0mPOST /comments/create [0m-[0m - ms - -[0m
[0mGET / [32m200[0m 203.494 ms - 39468[0m
[0mPOST /comments/create [0m-[0m - ms - -[0m
[0mGET / [32m200[0m 303.386 ms - 40926[0m
[0mPOST /comments/create [0m-[0m - ms - -[0m
[0mPOST /posts/create [32m200[0m 30.936 ms - 271[0m
[0mGET / [32m200[0m 193.041 ms - 46068[0m
[0mPOST /comments/create [32m200[0m 172.354 ms - 37[0m
[0mGET / [32m200[0m 97.113 ms - 47526[0m
[0mPOST /comments/create [32m200[0m 30.605 ms - 37[0m
[0mPOST /comments/create [32m200[0m 37.744 ms - 37[0m
[0mGET / [32m200[0m 68.315 ms - 48987[0m
[0mGET / [36m304[0m 190.683 ms - -[0m
[0mPOST /posts/create [32m200[0m 23.447 ms - 276[0m
[0mPOST /comments/create [32m200[0m 36.315 ms - 37[0m
[0mPOST /comments/create [32m200[0m 25.097 ms - 37[0m
[0mGET / [32m200[0m 119.316 ms - 51949[0m
[0mPOST /comments/create [32m200[0m 60.815 ms - 37[0m
[0mGET /posts/destroy/6408514c19b866273ce33980 [32m200[0m 30.598 ms - 72[0m
[0mGET /posts/destroy/640850a2d0641c9c234c802c [32m200[0m 48.679 ms - 72[0m
[0mGET /posts/destroy/64084f84beb5c1b4a1f492df [32m200[0m 59.111 ms - 72[0m
[0mGET /posts/destroy/64084ee0beb5c1b4a1f492c7 [32m200[0m 47.575 ms - 72[0m
[0mGET /posts/destroy/64084dd05aa187aef985195e [32m200[0m 48.755 ms - 72[0m
[0mGET /posts/destroy/64084cf346ed32b131c0f3d7 [32m200[0m 44.364 ms - 72[0m
[0mPOST /posts/create [32m200[0m 16.359 ms - 272[0m
[0mPOST /comments/create [32m200[0m 28.702 ms - 37[0m
[0mGET / [32m200[0m 54.805 ms - 15272[0m
[0mPOST /comments/create [32m200[0m 56.650 ms - 37[0m
[0mGET / [32m200[0m 105.856 ms - 16005[0m
[0mPOST /comments/create [32m200[0m 37.853 ms - 37[0m
[0mGET / [32m200[0m 90.868 ms - 16735[0m
[0mPOST /comments/create [32m200[0m 35.483 ms - 37[0m
[0mGET / [32m200[0m 86.984 ms - 17467[0m
[0mPOST /comments/create [32m200[0m 38.029 ms - 37[0m
[0mPOST /comments/create [32m200[0m 60.057 ms - 37[0m
[0mGET / [32m200[0m 159.056 ms - 18934[0m
[0mPOST /comments/create [32m200[0m 37.814 ms - 490[0m
[0mPOST /comments/create [32m200[0m 25.576 ms - 489[0m
[0mGET / [32m200[0m 134.977 ms - 20393[0m
[0mGET /posts/destroy/640852977448da6e17958087 [32m200[0m 19.471 ms - 72[0m
[0mPOST /posts/create [32m200[0m 15.438 ms - 280[0m
[0mPOST /comments/create [32m200[0m 45.753 ms - 494[0m
[0mGET / [32m200[0m 318.103 ms - 75631[0m
[0mPOST /comments/create [32m200[0m 55.787 ms - 479[0m
[0mGET /comments/destroy/640855a997ea0b220cc33131 [32m200[0m 28.799 ms - 75[0m
[0mPOST /comments/create [32m200[0m 37.544 ms - 479[0m
[0mPOST /likes/toggle/?id=640855ad97ea0b220cc3313c&type=Comment [32m200[0m 27.087 ms - 58[0m
[0mPOST /likes/toggle/?id=640855ad97ea0b220cc3313c&type=Comment [32m200[0m 47.983 ms - 57[0m
[0mPOST /likes/toggle/?id=640855ad97ea0b220cc3313c&type=Comment [32m200[0m 21.195 ms - 58[0m
[0mGET /users/sign-out [36m302[0m 21.531 ms - 46[0m
[0mGET / [32m200[0m 271.737 ms - 47058[0m
[0mGET /users/sign-in [32m200[0m 14.174 ms - 1961[0m
[0mGET /users/auth/google [36m302[0m 11.213 ms - 0[0m
[0mGET /users/auth/google/callback?code=4%2F0AWtgzh7EGpsD0N7Rnrg85QkdsO552fCA6eEs4Ev0MShNK6tGSAsd9yLtZ6GsUrdfUKHz8g&scope=email+profile+https%3A%2F%2Fwww.googleapis.com%2Fauth%2Fuserinfo.profile+https%3A%2F%2Fwww.googleapis.com%2Fauth%2Fuserinfo.email+openid&authuser=0&prompt=consent [36m302[0m 640.460 ms - 46[0m
[0mGET / [32m200[0m 211.511 ms - 76580[0m
[0mPOST /posts/create [32m200[0m 17.090 ms - 271[0m
[0mPOST /comments/create [32m200[0m 28.867 ms - 482[0m
[0mPOST /likes/toggle/?id=640855d497ea0b220cc3316b&type=Comment [32m200[0m 31.553 ms - 58[0m
[0mGET /comments/destroy/640855d497ea0b220cc3316b [32m200[0m 16.244 ms - 75[0m
[0mGET / [32m200[0m 375.764 ms - 47506[0m
[0mGET /favicon.ico [33m404[0m 13.777 ms - 150[0m
[0mGET /users/sign-in [36m304[0m 12.707 ms - -[0m
[0mGET /users/auth/google [36m302[0m 11.805 ms - 0[0m
[0mGET /users/auth/google/callback?code=4%2F0AWtgzh6J8wZA5hR-_kcenWyFm29gYQEGGK1yhhMAfoIZradeKCnt0jA8QEZOZMbErKanZQ&scope=email+profile+https%3A%2F%2Fwww.googleapis.com%2Fauth%2Fuserinfo.profile+https%3A%2F%2Fwww.googleapis.com%2Fauth%2Fuserinfo.email+openid&authuser=0&prompt=consent [36m302[0m 791.558 ms - 46[0m
[0mGET / [32m200[0m 262.875 ms - 78075[0m
[0mGET / [32m200[0m 246.562 ms - 77856[0m
[0mPOST /likes/toggle/?id=640855d197ea0b220cc33166&type=Post [32m200[0m 40.833 ms - 58[0m
[0mPOST /comments/create [32m200[0m 60.528 ms - 478[0m
[0mGET / [32m200[0m 510.732 ms - 48073[0m
[0mGET /favicon.ico [33m404[0m 19.498 ms - 150[0m
[0mGET /users/sign-in [36m304[0m 11.908 ms - -[0m
[0mGET /users/auth/google [36m302[0m 13.819 ms - 0[0m
[0mGET /users/auth/google/callback?code=4%2F0AWtgzh4cpaaCt4Pw0V6CBo9QTjaugnXPW7wEFauTb221VJxnYjxGFNTIlBUk1SWm05cuUg&scope=email+profile+https%3A%2F%2Fwww.googleapis.com%2Fauth%2Fuserinfo.profile+https%3A%2F%2Fwww.googleapis.com%2Fauth%2Fuserinfo.email+openid&authuser=0&prompt=consent [36m302[0m 887.113 ms - 46[0m
[0mGET / [32m200[0m 275.078 ms - 78804[0m
::1 - - [17/Mar/2023:05:38:49 +0000] "GET /js/chat_engine-499fa86aef.js HTTP/1.1" 404 167 "http://localhost:8000/" "Mozilla/5.0 (Windows NT 10.0; Win64; x64) AppleWebKit/537.36 (KHTML, like Gecko) Chrome/111.0.0.0 Safari/537.36"
::1 - - [17/Mar/2023:05:38:49 +0000] "GET / HTTP/1.1" 200 2618 "-" "Mozilla/5.0 (Windows NT 10.0; Win64; x64) AppleWebKit/537.36 (KHTML, like Gecko) Chrome/111.0.0.0 Safari/537.36"
::1 - - [17/Mar/2023:05:38:49 +0000] "GET /undefined HTTP/1.1" 404 148 "http://localhost:8000/" "Mozilla/5.0 (Windows NT 10.0; Win64; x64) AppleWebKit/537.36 (KHTML, like Gecko) Chrome/111.0.0.0 Safari/537.36"
::1 - - [17/Mar/2023:05:38:49 +0000] "GET /js/home_posts-1a633d8412.js HTTP/1.1" 404 166 "http://localhost:8000/" "Mozilla/5.0 (Windows NT 10.0; Win64; x64) AppleWebKit/537.36 (KHTML, like Gecko) Chrome/111.0.0.0 Safari/537.36"
::1 - - [17/Mar/2023:05:38:49 +0000] "GET /js/toggle_likes-0e3d81481c.js HTTP/1.1" 404 168 "http://localhost:8000/" "Mozilla/5.0 (Windows NT 10.0; Win64; x64) AppleWebKit/537.36 (KHTML, like Gecko) Chrome/111.0.0.0 Safari/537.36"
::1 - - [17/Mar/2023:05:38:49 +0000] "GET /undefined HTTP/1.1" 404 148 "http://localhost:8000/" "Mozilla/5.0 (Windows NT 10.0; Win64; x64) AppleWebKit/537.36 (KHTML, like Gecko) Chrome/111.0.0.0 Safari/537.36"
::1 - - [17/Mar/2023:05:38:49 +0000] "GET /undefined HTTP/1.1" 404 148 "http://localhost:8000/" "Mozilla/5.0 (Windows NT 10.0; Win64; x64) AppleWebKit/537.36 (KHTML, like Gecko) Chrome/111.0.0.0 Safari/537.36"
::1 - - [17/Mar/2023:05:38:49 +0000] "GET /favicon.ico HTTP/1.1" 404 150 "http://localhost:8000/" "Mozilla/5.0 (Windows NT 10.0; Win64; x64) AppleWebKit/537.36 (KHTML, like Gecko) Chrome/111.0.0.0 Safari/537.36"
::1 - - [17/Mar/2023:05:38:53 +0000] "GET /users/sign-in HTTP/1.1" 200 1946 "http://localhost:8000/" "Mozilla/5.0 (Windows NT 10.0; Win64; x64) AppleWebKit/537.36 (KHTML, like Gecko) Chrome/111.0.0.0 Safari/537.36"
::1 - - [17/Mar/2023:05:38:53 +0000] "GET /undefined HTTP/1.1" 404 148 "http://localhost:8000/users/sign-in" "Mozilla/5.0 (Windows NT 10.0; Win64; x64) AppleWebKit/537.36 (KHTML, like Gecko) Chrome/111.0.0.0 Safari/537.36"
::1 - - [17/Mar/2023:05:38:58 +0000] "GET /users/sign-in HTTP/1.1" 304 - "http://localhost:8000/" "Mozilla/5.0 (Windows NT 10.0; Win64; x64) AppleWebKit/537.36 (KHTML, like Gecko) Chrome/111.0.0.0 Safari/537.36"
::1 - - [17/Mar/2023:05:38:58 +0000] "GET /undefined HTTP/1.1" 404 148 "http://localhost:8000/users/sign-in" "Mozilla/5.0 (Windows NT 10.0; Win64; x64) AppleWebKit/537.36 (KHTML, like Gecko) Chrome/111.0.0.0 Safari/537.36"
::1 - - [17/Mar/2023:05:39:34 +0000] "GET /users/sign-in HTTP/1.1" 304 - "http://localhost:8000/" "Mozilla/5.0 (Windows NT 10.0; Win64; x64) AppleWebKit/537.36 (KHTML, like Gecko) Chrome/111.0.0.0 Safari/537.36"
::1 - - [17/Mar/2023:05:39:34 +0000] "GET /undefined HTTP/1.1" 404 148 "http://localhost:8000/users/sign-in" "Mozilla/5.0 (Windows NT 10.0; Win64; x64) AppleWebKit/537.36 (KHTML, like Gecko) Chrome/111.0.0.0 Safari/537.36"
::1 - - [17/Mar/2023:05:39:35 +0000] "GET /users/sign-in HTTP/1.1" 304 - "http://localhost:8000/" "Mozilla/5.0 (Windows NT 10.0; Win64; x64) AppleWebKit/537.36 (KHTML, like Gecko) Chrome/111.0.0.0 Safari/537.36"
::1 - - [17/Mar/2023:05:39:35 +0000] "GET /undefined HTTP/1.1" 404 148 "http://localhost:8000/users/sign-in" "Mozilla/5.0 (Windows NT 10.0; Win64; x64) AppleWebKit/537.36 (KHTML, like Gecko) Chrome/111.0.0.0 Safari/537.36"
::1 - - [17/Mar/2023:05:39:58 +0000] "GET / HTTP/1.1" 304 - "http://localhost:8000/users/sign-in" "Mozilla/5.0 (Windows NT 10.0; Win64; x64) AppleWebKit/537.36 (KHTML, like Gecko) Chrome/111.0.0.0 Safari/537.36"
::1 - - [17/Mar/2023:05:39:58 +0000] "GET /undefined HTTP/1.1" 404 148 "http://localhost:8000/" "Mozilla/5.0 (Windows NT 10.0; Win64; x64) AppleWebKit/537.36 (KHTML, like Gecko) Chrome/111.0.0.0 Safari/537.36"
::1 - - [17/Mar/2023:05:39:58 +0000] "GET /js/home_posts-1a633d8412.js HTTP/1.1" 404 166 "http://localhost:8000/" "Mozilla/5.0 (Windows NT 10.0; Win64; x64) AppleWebKit/537.36 (KHTML, like Gecko) Chrome/111.0.0.0 Safari/537.36"
::1 - - [17/Mar/2023:05:39:58 +0000] "GET /js/toggle_likes-0e3d81481c.js HTTP/1.1" 404 168 "http://localhost:8000/" "Mozilla/5.0 (Windows NT 10.0; Win64; x64) AppleWebKit/537.36 (KHTML, like Gecko) Chrome/111.0.0.0 Safari/537.36"
::1 - - [17/Mar/2023:05:39:58 +0000] "GET /js/chat_engine-499fa86aef.js HTTP/1.1" 404 167 "http://localhost:8000/" "Mozilla/5.0 (Windows NT 10.0; Win64; x64) AppleWebKit/537.36 (KHTML, like Gecko) Chrome/111.0.0.0 Safari/537.36"
::1 - - [17/Mar/2023:05:39:58 +0000] "GET /undefined HTTP/1.1" 404 148 "http://localhost:8000/" "Mozilla/5.0 (Windows NT 10.0; Win64; x64) AppleWebKit/537.36 (KHTML, like Gecko) Chrome/111.0.0.0 Safari/537.36"
::1 - - [17/Mar/2023:05:39:58 +0000] "GET /undefined HTTP/1.1" 404 148 "http://localhost:8000/" "Mozilla/5.0 (Windows NT 10.0; Win64; x64) AppleWebKit/537.36 (KHTML, like Gecko) Chrome/111.0.0.0 Safari/537.36"
::1 - - [17/Mar/2023:05:42:33 +0000] "GET / HTTP/1.1" 304 - "-" "Mozilla/5.0 (Windows NT 10.0; Win64; x64) AppleWebKit/537.36 (KHTML, like Gecko) Chrome/111.0.0.0 Safari/537.36"
::1 - - [17/Mar/2023:05:42:33 +0000] "GET /undefined HTTP/1.1" 404 148 "http://localhost:8000/" "Mozilla/5.0 (Windows NT 10.0; Win64; x64) AppleWebKit/537.36 (KHTML, like Gecko) Chrome/111.0.0.0 Safari/537.36"
::1 - - [17/Mar/2023:05:42:33 +0000] "GET /js/toggle_likes-0e3d81481c.js HTTP/1.1" 404 168 "http://localhost:8000/" "Mozilla/5.0 (Windows NT 10.0; Win64; x64) AppleWebKit/537.36 (KHTML, like Gecko) Chrome/111.0.0.0 Safari/537.36"
::1 - - [17/Mar/2023:05:42:33 +0000] "GET /js/home_posts-1a633d8412.js HTTP/1.1" 404 166 "http://localhost:8000/" "Mozilla/5.0 (Windows NT 10.0; Win64; x64) AppleWebKit/537.36 (KHTML, like Gecko) Chrome/111.0.0.0 Safari/537.36"
::1 - - [17/Mar/2023:05:42:33 +0000] "GET /js/chat_engine-499fa86aef.js HTTP/1.1" 404 167 "http://localhost:8000/" "Mozilla/5.0 (Windows NT 10.0; Win64; x64) AppleWebKit/537.36 (KHTML, like Gecko) Chrome/111.0.0.0 Safari/537.36"
::1 - - [17/Mar/2023:05:42:33 +0000] "GET /undefined HTTP/1.1" 404 148 "http://localhost:8000/" "Mozilla/5.0 (Windows NT 10.0; Win64; x64) AppleWebKit/537.36 (KHTML, like Gecko) Chrome/111.0.0.0 Safari/537.36"
::1 - - [17/Mar/2023:05:42:33 +0000] "GET /undefined HTTP/1.1" 404 148 "http://localhost:8000/" "Mozilla/5.0 (Windows NT 10.0; Win64; x64) AppleWebKit/537.36 (KHTML, like Gecko) Chrome/111.0.0.0 Safari/537.36"
::1 - - [17/Mar/2023:05:51:31 +0000] "GET / HTTP/1.1" 200 2618 "-" "Mozilla/5.0 (Windows NT 10.0; Win64; x64) AppleWebKit/537.36 (KHTML, like Gecko) Chrome/111.0.0.0 Safari/537.36"
::1 - - [17/Mar/2023:05:51:32 +0000] "GET /undefined HTTP/1.1" 404 148 "http://localhost:8000/" "Mozilla/5.0 (Windows NT 10.0; Win64; x64) AppleWebKit/537.36 (KHTML, like Gecko) Chrome/111.0.0.0 Safari/537.36"
::1 - - [17/Mar/2023:05:51:32 +0000] "GET /js/home_posts-1a633d8412.js HTTP/1.1" 404 166 "http://localhost:8000/" "Mozilla/5.0 (Windows NT 10.0; Win64; x64) AppleWebKit/537.36 (KHTML, like Gecko) Chrome/111.0.0.0 Safari/537.36"
::1 - - [17/Mar/2023:05:51:32 +0000] "GET /js/toggle_likes-0e3d81481c.js HTTP/1.1" 404 168 "http://localhost:8000/" "Mozilla/5.0 (Windows NT 10.0; Win64; x64) AppleWebKit/537.36 (KHTML, like Gecko) Chrome/111.0.0.0 Safari/537.36"
::1 - - [17/Mar/2023:05:51:32 +0000] "GET /js/chat_engine-499fa86aef.js HTTP/1.1" 404 167 "http://localhost:8000/" "Mozilla/5.0 (Windows NT 10.0; Win64; x64) AppleWebKit/537.36 (KHTML, like Gecko) Chrome/111.0.0.0 Safari/537.36"
::1 - - [17/Mar/2023:05:51:32 +0000] "GET /undefined HTTP/1.1" 404 148 "http://localhost:8000/" "Mozilla/5.0 (Windows NT 10.0; Win64; x64) AppleWebKit/537.36 (KHTML, like Gecko) Chrome/111.0.0.0 Safari/537.36"
::1 - - [17/Mar/2023:05:51:32 +0000] "GET /undefined HTTP/1.1" 404 148 "http://localhost:8000/" "Mozilla/5.0 (Windows NT 10.0; Win64; x64) AppleWebKit/537.36 (KHTML, like Gecko) Chrome/111.0.0.0 Safari/537.36"
::1 - - [17/Mar/2023:05:51:32 +0000] "GET /undefined HTTP/1.1" 404 148 "http://localhost:8000/" "Mozilla/5.0 (Windows NT 10.0; Win64; x64) AppleWebKit/537.36 (KHTML, like Gecko) Chrome/111.0.0.0 Safari/537.36"
::1 - - [17/Mar/2023:05:51:33 +0000] "GET / HTTP/1.1" 304 - "-" "Mozilla/5.0 (Windows NT 10.0; Win64; x64) AppleWebKit/537.36 (KHTML, like Gecko) Chrome/111.0.0.0 Safari/537.36"
::1 - - [17/Mar/2023:05:51:33 +0000] "GET /undefined HTTP/1.1" 404 148 "http://localhost:8000/" "Mozilla/5.0 (Windows NT 10.0; Win64; x64) AppleWebKit/537.36 (KHTML, like Gecko) Chrome/111.0.0.0 Safari/537.36"
::1 - - [17/Mar/2023:05:51:33 +0000] "GET /js/home_posts-1a633d8412.js HTTP/1.1" 404 166 "http://localhost:8000/" "Mozilla/5.0 (Windows NT 10.0; Win64; x64) AppleWebKit/537.36 (KHTML, like Gecko) Chrome/111.0.0.0 Safari/537.36"
::1 - - [17/Mar/2023:05:51:33 +0000] "GET /js/toggle_likes-0e3d81481c.js HTTP/1.1" 404 168 "http://localhost:8000/" "Mozilla/5.0 (Windows NT 10.0; Win64; x64) AppleWebKit/537.36 (KHTML, like Gecko) Chrome/111.0.0.0 Safari/537.36"
::1 - - [17/Mar/2023:05:51:33 +0000] "GET /js/chat_engine-499fa86aef.js HTTP/1.1" 404 167 "http://localhost:8000/" "Mozilla/5.0 (Windows NT 10.0; Win64; x64) AppleWebKit/537.36 (KHTML, like Gecko) Chrome/111.0.0.0 Safari/537.36"
::1 - - [17/Mar/2023:05:51:33 +0000] "GET /undefined HTTP/1.1" 404 148 "http://localhost:8000/" "Mozilla/5.0 (Windows NT 10.0; Win64; x64) AppleWebKit/537.36 (KHTML, like Gecko) Chrome/111.0.0.0 Safari/537.36"
::1 - - [17/Mar/2023:05:51:33 +0000] "GET /undefined HTTP/1.1" 404 148 "http://localhost:8000/" "Mozilla/5.0 (Windows NT 10.0; Win64; x64) AppleWebKit/537.36 (KHTML, like Gecko) Chrome/111.0.0.0 Safari/537.36"
::1 - - [17/Mar/2023:05:53:44 +0000] "GET / HTTP/1.1" 304 - "-" "Mozilla/5.0 (Windows NT 10.0; Win64; x64) AppleWebKit/537.36 (KHTML, like Gecko) Chrome/111.0.0.0 Safari/537.36"
::1 - - [17/Mar/2023:05:53:44 +0000] "GET /undefined HTTP/1.1" 404 148 "http://localhost:8000/" "Mozilla/5.0 (Windows NT 10.0; Win64; x64) AppleWebKit/537.36 (KHTML, like Gecko) Chrome/111.0.0.0 Safari/537.36"
::1 - - [17/Mar/2023:05:53:44 +0000] "GET /js/home_posts-1a633d8412.js HTTP/1.1" 404 166 "http://localhost:8000/" "Mozilla/5.0 (Windows NT 10.0; Win64; x64) AppleWebKit/537.36 (KHTML, like Gecko) Chrome/111.0.0.0 Safari/537.36"
::1 - - [17/Mar/2023:05:53:44 +0000] "GET /js/toggle_likes-0e3d81481c.js HTTP/1.1" 404 168 "http://localhost:8000/" "Mozilla/5.0 (Windows NT 10.0; Win64; x64) AppleWebKit/537.36 (KHTML, like Gecko) Chrome/111.0.0.0 Safari/537.36"
::1 - - [17/Mar/2023:05:53:44 +0000] "GET /js/chat_engine-499fa86aef.js HTTP/1.1" 404 167 "http://localhost:8000/" "Mozilla/5.0 (Windows NT 10.0; Win64; x64) AppleWebKit/537.36 (KHTML, like Gecko) Chrome/111.0.0.0 Safari/537.36"
::1 - - [17/Mar/2023:05:53:44 +0000] "GET /undefined HTTP/1.1" 404 148 "http://localhost:8000/" "Mozilla/5.0 (Windows NT 10.0; Win64; x64) AppleWebKit/537.36 (KHTML, like Gecko) Chrome/111.0.0.0 Safari/537.36"
::1 - - [17/Mar/2023:05:53:44 +0000] "GET /undefined HTTP/1.1" 404 148 "http://localhost:8000/" "Mozilla/5.0 (Windows NT 10.0; Win64; x64) AppleWebKit/537.36 (KHTML, like Gecko) Chrome/111.0.0.0 Safari/537.36"
::1 - - [17/Mar/2023:05:53:44 +0000] "GET /undefined HTTP/1.1" 404 148 "http://localhost:8000/" "Mozilla/5.0 (Windows NT 10.0; Win64; x64) AppleWebKit/537.36 (KHTML, like Gecko) Chrome/111.0.0.0 Safari/537.36"
::1 - - [17/Mar/2023:05:53:45 +0000] "GET / HTTP/1.1" 304 - "-" "Mozilla/5.0 (Windows NT 10.0; Win64; x64) AppleWebKit/537.36 (KHTML, like Gecko) Chrome/111.0.0.0 Safari/537.36"
::1 - - [17/Mar/2023:05:53:45 +0000] "GET /undefined HTTP/1.1" 404 148 "http://localhost:8000/" "Mozilla/5.0 (Windows NT 10.0; Win64; x64) AppleWebKit/537.36 (KHTML, like Gecko) Chrome/111.0.0.0 Safari/537.36"
::1 - - [17/Mar/2023:05:53:45 +0000] "GET /js/toggle_likes-0e3d81481c.js HTTP/1.1" 404 168 "http://localhost:8000/" "Mozilla/5.0 (Windows NT 10.0; Win64; x64) AppleWebKit/537.36 (KHTML, like Gecko) Chrome/111.0.0.0 Safari/537.36"
::1 - - [17/Mar/2023:05:53:45 +0000] "GET /js/chat_engine-499fa86aef.js HTTP/1.1" 404 167 "http://localhost:8000/" "Mozilla/5.0 (Windows NT 10.0; Win64; x64) AppleWebKit/537.36 (KHTML, like Gecko) Chrome/111.0.0.0 Safari/537.36"
::1 - - [17/Mar/2023:05:53:45 +0000] "GET /js/home_posts-1a633d8412.js HTTP/1.1" 404 166 "http://localhost:8000/" "Mozilla/5.0 (Windows NT 10.0; Win64; x64) AppleWebKit/537.36 (KHTML, like Gecko) Chrome/111.0.0.0 Safari/537.36"
::1 - - [17/Mar/2023:05:53:45 +0000] "GET /undefined HTTP/1.1" 404 148 "http://localhost:8000/" "Mozilla/5.0 (Windows NT 10.0; Win64; x64) AppleWebKit/537.36 (KHTML, like Gecko) Chrome/111.0.0.0 Safari/537.36"
::1 - - [17/Mar/2023:05:53:45 +0000] "GET /undefined HTTP/1.1" 404 148 "http://localhost:8000/" "Mozilla/5.0 (Windows NT 10.0; Win64; x64) AppleWebKit/537.36 (KHTML, like Gecko) Chrome/111.0.0.0 Safari/537.36"
::1 - - [17/Mar/2023:05:53:45 +0000] "GET / HTTP/1.1" 304 - "-" "Mozilla/5.0 (Windows NT 10.0; Win64; x64) AppleWebKit/537.36 (KHTML, like Gecko) Chrome/111.0.0.0 Safari/537.36"
::1 - - [17/Mar/2023:05:53:45 +0000] "GET /undefined HTTP/1.1" 404 148 "http://localhost:8000/" "Mozilla/5.0 (Windows NT 10.0; Win64; x64) AppleWebKit/537.36 (KHTML, like Gecko) Chrome/111.0.0.0 Safari/537.36"
::1 - - [17/Mar/2023:05:53:45 +0000] "GET /js/home_posts-1a633d8412.js HTTP/1.1" 404 166 "http://localhost:8000/" "Mozilla/5.0 (Windows NT 10.0; Win64; x64) AppleWebKit/537.36 (KHTML, like Gecko) Chrome/111.0.0.0 Safari/537.36"
::1 - - [17/Mar/2023:05:53:45 +0000] "GET /js/toggle_likes-0e3d81481c.js HTTP/1.1" 404 168 "http://localhost:8000/" "Mozilla/5.0 (Windows NT 10.0; Win64; x64) AppleWebKit/537.36 (KHTML, like Gecko) Chrome/111.0.0.0 Safari/537.36"
::1 - - [17/Mar/2023:05:53:45 +0000] "GET /js/chat_engine-499fa86aef.js HTTP/1.1" 404 167 "http://localhost:8000/" "Mozilla/5.0 (Windows NT 10.0; Win64; x64) AppleWebKit/537.36 (KHTML, like Gecko) Chrome/111.0.0.0 Safari/537.36"
::1 - - [17/Mar/2023:05:53:45 +0000] "GET /undefined HTTP/1.1" 404 148 "http://localhost:8000/" "Mozilla/5.0 (Windows NT 10.0; Win64; x64) AppleWebKit/537.36 (KHTML, like Gecko) Chrome/111.0.0.0 Safari/537.36"
::1 - - [17/Mar/2023:05:53:45 +0000] "GET /undefined HTTP/1.1" 404 148 "http://localhost:8000/" "Mozilla/5.0 (Windows NT 10.0; Win64; x64) AppleWebKit/537.36 (KHTML, like Gecko) Chrome/111.0.0.0 Safari/537.36"
::1 - - [17/Mar/2023:05:53:46 +0000] "GET / HTTP/1.1" 304 - "-" "Mozilla/5.0 (Windows NT 10.0; Win64; x64) AppleWebKit/537.36 (KHTML, like Gecko) Chrome/111.0.0.0 Safari/537.36"
::1 - - [17/Mar/2023:05:53:46 +0000] "GET /undefined HTTP/1.1" 404 148 "http://localhost:8000/" "Mozilla/5.0 (Windows NT 10.0; Win64; x64) AppleWebKit/537.36 (KHTML, like Gecko) Chrome/111.0.0.0 Safari/537.36"
::1 - - [17/Mar/2023:05:53:46 +0000] "GET /js/home_posts-1a633d8412.js HTTP/1.1" 404 166 "http://localhost:8000/" "Mozilla/5.0 (Windows NT 10.0; Win64; x64) AppleWebKit/537.36 (KHTML, like Gecko) Chrome/111.0.0.0 Safari/537.36"
::1 - - [17/Mar/2023:05:53:46 +0000] "GET /js/chat_engine-499fa86aef.js HTTP/1.1" 404 167 "http://localhost:8000/" "Mozilla/5.0 (Windows NT 10.0; Win64; x64) AppleWebKit/537.36 (KHTML, like Gecko) Chrome/111.0.0.0 Safari/537.36"
::1 - - [17/Mar/2023:05:53:46 +0000] "GET /js/toggle_likes-0e3d81481c.js HTTP/1.1" 404 168 "http://localhost:8000/" "Mozilla/5.0 (Windows NT 10.0; Win64; x64) AppleWebKit/537.36 (KHTML, like Gecko) Chrome/111.0.0.0 Safari/537.36"
::1 - - [17/Mar/2023:05:53:46 +0000] "GET /undefined HTTP/1.1" 404 148 "http://localhost:8000/" "Mozilla/5.0 (Windows NT 10.0; Win64; x64) AppleWebKit/537.36 (KHTML, like Gecko) Chrome/111.0.0.0 Safari/537.36"
::1 - - [17/Mar/2023:05:53:46 +0000] "GET /undefined HTTP/1.1" 404 148 "http://localhost:8000/" "Mozilla/5.0 (Windows NT 10.0; Win64; x64) AppleWebKit/537.36 (KHTML, like Gecko) Chrome/111.0.0.0 Safari/537.36"
::1 - - [17/Mar/2023:05:53:47 +0000] "GET / HTTP/1.1" 304 - "-" "Mozilla/5.0 (Windows NT 10.0; Win64; x64) AppleWebKit/537.36 (KHTML, like Gecko) Chrome/111.0.0.0 Safari/537.36"
::1 - - [17/Mar/2023:05:53:47 +0000] "GET /undefined HTTP/1.1" 404 148 "http://localhost:8000/" "Mozilla/5.0 (Windows NT 10.0; Win64; x64) AppleWebKit/537.36 (KHTML, like Gecko) Chrome/111.0.0.0 Safari/537.36"
::1 - - [17/Mar/2023:05:53:47 +0000] "GET /js/home_posts-1a633d8412.js HTTP/1.1" 404 166 "http://localhost:8000/" "Mozilla/5.0 (Windows NT 10.0; Win64; x64) AppleWebKit/537.36 (KHTML, like Gecko) Chrome/111.0.0.0 Safari/537.36"
::1 - - [17/Mar/2023:05:53:47 +0000] "GET /js/toggle_likes-0e3d81481c.js HTTP/1.1" 404 168 "http://localhost:8000/" "Mozilla/5.0 (Windows NT 10.0; Win64; x64) AppleWebKit/537.36 (KHTML, like Gecko) Chrome/111.0.0.0 Safari/537.36"
::1 - - [17/Mar/2023:05:53:47 +0000] "GET /js/chat_engine-499fa86aef.js HTTP/1.1" 404 167 "http://localhost:8000/" "Mozilla/5.0 (Windows NT 10.0; Win64; x64) AppleWebKit/537.36 (KHTML, like Gecko) Chrome/111.0.0.0 Safari/537.36"
::1 - - [17/Mar/2023:05:53:47 +0000] "GET /undefined HTTP/1.1" 404 148 "http://localhost:8000/" "Mozilla/5.0 (Windows NT 10.0; Win64; x64) AppleWebKit/537.36 (KHTML, like Gecko) Chrome/111.0.0.0 Safari/537.36"
::1 - - [17/Mar/2023:05:53:47 +0000] "GET /undefined HTTP/1.1" 404 148 "http://localhost:8000/" "Mozilla/5.0 (Windows NT 10.0; Win64; x64) AppleWebKit/537.36 (KHTML, like Gecko) Chrome/111.0.0.0 Safari/537.36"
::1 - - [17/Mar/2023:05:53:47 +0000] "GET / HTTP/1.1" 304 - "-" "Mozilla/5.0 (Windows NT 10.0; Win64; x64) AppleWebKit/537.36 (KHTML, like Gecko) Chrome/111.0.0.0 Safari/537.36"
::1 - - [17/Mar/2023:05:53:47 +0000] "GET /undefined HTTP/1.1" 404 148 "http://localhost:8000/" "Mozilla/5.0 (Windows NT 10.0; Win64; x64) AppleWebKit/537.36 (KHTML, like Gecko) Chrome/111.0.0.0 Safari/537.36"
::1 - - [17/Mar/2023:05:53:47 +0000] "GET /js/home_posts-1a633d8412.js HTTP/1.1" 404 166 "http://localhost:8000/" "Mozilla/5.0 (Windows NT 10.0; Win64; x64) AppleWebKit/537.36 (KHTML, like Gecko) Chrome/111.0.0.0 Safari/537.36"
::1 - - [17/Mar/2023:05:53:47 +0000] "GET /js/toggle_likes-0e3d81481c.js HTTP/1.1" 404 168 "http://localhost:8000/" "Mozilla/5.0 (Windows NT 10.0; Win64; x64) AppleWebKit/537.36 (KHTML, like Gecko) Chrome/111.0.0.0 Safari/537.36"
::1 - - [17/Mar/2023:05:53:47 +0000] "GET /js/chat_engine-499fa86aef.js HTTP/1.1" 404 167 "http://localhost:8000/" "Mozilla/5.0 (Windows NT 10.0; Win64; x64) AppleWebKit/537.36 (KHTML, like Gecko) Chrome/111.0.0.0 Safari/537.36"
::1 - - [17/Mar/2023:05:53:47 +0000] "GET /undefined HTTP/1.1" 404 148 "http://localhost:8000/" "Mozilla/5.0 (Windows NT 10.0; Win64; x64) AppleWebKit/537.36 (KHTML, like Gecko) Chrome/111.0.0.0 Safari/537.36"
::1 - - [17/Mar/2023:05:53:47 +0000] "GET /undefined HTTP/1.1" 404 148 "http://localhost:8000/" "Mozilla/5.0 (Windows NT 10.0; Win64; x64) AppleWebKit/537.36 (KHTML, like Gecko) Chrome/111.0.0.0 Safari/537.36"
::1 - - [17/Mar/2023:05:53:48 +0000] "GET / HTTP/1.1" 304 - "-" "Mozilla/5.0 (Windows NT 10.0; Win64; x64) AppleWebKit/537.36 (KHTML, like Gecko) Chrome/111.0.0.0 Safari/537.36"
::1 - - [17/Mar/2023:05:53:48 +0000] "GET /undefined HTTP/1.1" 404 148 "http://localhost:8000/" "Mozilla/5.0 (Windows NT 10.0; Win64; x64) AppleWebKit/537.36 (KHTML, like Gecko) Chrome/111.0.0.0 Safari/537.36"
::1 - - [17/Mar/2023:05:53:48 +0000] "GET /js/home_posts-1a633d8412.js HTTP/1.1" 404 166 "http://localhost:8000/" "Mozilla/5.0 (Windows NT 10.0; Win64; x64) AppleWebKit/537.36 (KHTML, like Gecko) Chrome/111.0.0.0 Safari/537.36"
::1 - - [17/Mar/2023:05:53:48 +0000] "GET /js/toggle_likes-0e3d81481c.js HTTP/1.1" 404 168 "http://localhost:8000/" "Mozilla/5.0 (Windows NT 10.0; Win64; x64) AppleWebKit/537.36 (KHTML, like Gecko) Chrome/111.0.0.0 Safari/537.36"
::1 - - [17/Mar/2023:05:53:48 +0000] "GET /js/chat_engine-499fa86aef.js HTTP/1.1" 404 167 "http://localhost:8000/" "Mozilla/5.0 (Windows NT 10.0; Win64; x64) AppleWebKit/537.36 (KHTML, like Gecko) Chrome/111.0.0.0 Safari/537.36"
::1 - - [17/Mar/2023:05:53:48 +0000] "GET /undefined HTTP/1.1" 404 148 "http://localhost:8000/" "Mozilla/5.0 (Windows NT 10.0; Win64; x64) AppleWebKit/537.36 (KHTML, like Gecko) Chrome/111.0.0.0 Safari/537.36"
::1 - - [17/Mar/2023:05:53:48 +0000] "GET /undefined HTTP/1.1" 404 148 "http://localhost:8000/" "Mozilla/5.0 (Windows NT 10.0; Win64; x64) AppleWebKit/537.36 (KHTML, like Gecko) Chrome/111.0.0.0 Safari/537.36"
::1 - - [17/Mar/2023:05:53:49 +0000] "GET / HTTP/1.1" 304 - "-" "Mozilla/5.0 (Windows NT 10.0; Win64; x64) AppleWebKit/537.36 (KHTML, like Gecko) Chrome/111.0.0.0 Safari/537.36"
::1 - - [17/Mar/2023:05:53:49 +0000] "GET /undefined HTTP/1.1" 404 148 "http://localhost:8000/" "Mozilla/5.0 (Windows NT 10.0; Win64; x64) AppleWebKit/537.36 (KHTML, like Gecko) Chrome/111.0.0.0 Safari/537.36"
::1 - - [17/Mar/2023:05:53:49 +0000] "GET /js/home_posts-1a633d8412.js HTTP/1.1" 404 166 "http://localhost:8000/" "Mozilla/5.0 (Windows NT 10.0; Win64; x64) AppleWebKit/537.36 (KHTML, like Gecko) Chrome/111.0.0.0 Safari/537.36"
::1 - - [17/Mar/2023:05:53:49 +0000] "GET /js/toggle_likes-0e3d81481c.js HTTP/1.1" 404 168 "http://localhost:8000/" "Mozilla/5.0 (Windows NT 10.0; Win64; x64) AppleWebKit/537.36 (KHTML, like Gecko) Chrome/111.0.0.0 Safari/537.36"
::1 - - [17/Mar/2023:05:53:49 +0000] "GET /js/chat_engine-499fa86aef.js HTTP/1.1" 404 167 "http://localhost:8000/" "Mozilla/5.0 (Windows NT 10.0; Win64; x64) AppleWebKit/537.36 (KHTML, like Gecko) Chrome/111.0.0.0 Safari/537.36"
::1 - - [17/Mar/2023:05:53:49 +0000] "GET /undefined HTTP/1.1" 404 148 "http://localhost:8000/" "Mozilla/5.0 (Windows NT 10.0; Win64; x64) AppleWebKit/537.36 (KHTML, like Gecko) Chrome/111.0.0.0 Safari/537.36"
::1 - - [17/Mar/2023:05:53:49 +0000] "GET /undefined HTTP/1.1" 404 148 "http://localhost:8000/" "Mozilla/5.0 (Windows NT 10.0; Win64; x64) AppleWebKit/537.36 (KHTML, like Gecko) Chrome/111.0.0.0 Safari/537.36"
[0mGET / [36m304[0m 487.179 ms - -[0m
[0mGET /users/sign-in [32m200[0m 9.913 ms - 1961[0m
[0mGET /users/auth/google [36m302[0m 9.746 ms - 0[0m
[0mGET /users/auth/google [36m302[0m 11.889 ms - 0[0m
[0mGET / [36m304[0m 189.453 ms - -[0m
[0mGET /users/sign-up [36m304[0m 11.710 ms - -[0m
[0mGET /users/auth/google [36m302[0m 6.900 ms - 0[0m
[0mGET /users/auth/google/callback?code=4%2F0AWtgzh7K5itDdcQj6vQkcFZesOnG-TwG3KH1rJWE9EESi5c5hkOqK2jut44kWlO4MOjvYg&scope=email+profile+https%3A%2F%2Fwww.googleapis.com%2Fauth%2Fuserinfo.profile+https%3A%2F%2Fwww.googleapis.com%2Fauth%2Fuserinfo.email+openid&authuser=1&prompt=consent [36m302[0m 761.983 ms - 46[0m
[0mGET / [32m200[0m 268.799 ms - 78804[0m
[0mGET / [32m200[0m 314.524 ms - 88199[0m
[0mPOST /comments/create [32m200[0m 54.581 ms - 479[0m
[0mPOST /posts/create [32m200[0m 19.424 ms - 274[0m
[0mPOST /comments/create [32m200[0m 33.178 ms - 481[0m
[0mGET / [32m200[0m 274.942 ms - 91157[0m
[0mPOST /posts/create [32m200[0m 30.559 ms - 270[0m
[0mPOST /comments/create [32m200[0m 39.679 ms - 479[0m
[0mGET / [32m200[0m 382.481 ms - 93381[0m
[0mPOST /comments/create [32m200[0m 52.329 ms - 478[0m
[0mGET / [32m200[0m 218.474 ms - 94110[0m
[0mPOST /posts/create [32m200[0m 19.699 ms - 269[0m
[0mPOST /comments/create [32m200[0m 40.684 ms - 480[0m
[0mPOST /comments/create [32m200[0m 25.253 ms - 480[0m
[0mPOST /likes/toggle/?id=64140e9b42f4f89cdc8086dd&type=Comment [32m200[0m 22.158 ms - 58[0m
[0mPOST /comments/create [32m200[0m 23.144 ms - 480[0m
[0mGET / [32m200[0m 397.547 ms - 97796[0m
[0mPOST /comments/create [32m200[0m 47.630 ms - 479[0m
[0mGET / [32m200[0m 52.061 ms - 2622[0m
[0mGET /favicon.ico [33m404[0m 29.227 ms - 150[0m
[0mGET /users/sign-up [32m200[0m 64.737 ms - 2117[0m
[0mGET /users/auth/google [36m302[0m 10.407 ms - 0[0m
[0mGET /users/auth/google/callback?code=4/0AWtgzh5IZZrLD3Lk6iB0qdZ5quY2TfYWYtmCdsIy3JHWLKriAfTbDjbp9NeD_gJGKGYU8Q&scope=email%20profile%20https://www.googleapis.com/auth/userinfo.profile%20https://www.googleapis.com/auth/userinfo.email%20openid&authuser=3&hd=heritageit.edu.in&prompt=consent [36m302[0m 855.799 ms - 46[0m
[0mGET / [32m200[0m 13.305 ms - 3721[0m
[0mPOST /posts/create [32m200[0m 23.684 ms - 279[0m
[0mPOST /comments/create [32m200[0m 22.998 ms - 515[0m
[0mPOST /likes/toggle/?id=64158e39755ff1839b58093e&type=Comment [32m200[0m 15.791 ms - 58[0m
[0mGET / [32m200[0m 20.267 ms - 3969[0m
[0mGET /users/sign-up [32m200[0m 5.039 ms - 2117[0m
[0mGET /users/auth/google [36m302[0m 4.953 ms - 0[0m
[0mPOST /users/create [36m302[0m 11.581 ms - 72[0m
[0mGET /users/sign-in [32m200[0m 5.155 ms - 1961[0m
[0mPOST /users/create-session [36m302[0m 6.817 ms - 46[0m
[0mGET / [32m200[0m 21.347 ms - 5873[0m
[0mGET /users/profile/64158e2c755ff1839b580933 [32m200[0m 11.772 ms - 2262[0m
[0mGET / [32m200[0m 23.365 ms - 5833[0m
[0mPOST /likes/toggle/?id=64158e37755ff1839b580939&type=Post [32m200[0m 13.364 ms - 58[0m
[0mPOST /likes/toggle/?id=64158e39755ff1839b58093e&type=Comment [32m200[0m 19.453 ms - 58[0m
[0mPOST /likes/toggle/?id=64158e37755ff1839b580939&type=Post [32m200[0m 13.864 ms - 57[0m
[0mPOST /likes/toggle/?id=64158e37755ff1839b580939&type=Post [32m200[0m 12.155 ms - 58[0m
[0mPOST /likes/toggle/?id=64158e37755ff1839b580939&type=Post [32m200[0m 19.465 ms - 58[0m
[0mPOST /likes/toggle/?id=64158e39755ff1839b58093e&type=Comment [32m200[0m 15.529 ms - 57[0m
[0mPOST /likes/toggle/?id=64158e39755ff1839b58093e&type=Comment [32m200[0m 16.256 ms - 58[0m
[0mGET / [32m200[0m 100.037 ms - 4066[0m
[0mGET /favicon.ico [33m404[0m 9.734 ms - 150[0m
[0mGET / [32m200[0m 25.726 ms - 4066[0m
[0mGET /users/profile/64158e2c755ff1839b580933 [36m302[0m 8.612 ms - 72[0m
[0mGET /users/sign-in [32m200[0m 5.573 ms - 1961[0m
[0mPOST /users/create-session [36m302[0m 6.811 ms - 46[0m
[0mGET / [32m200[0m 25.496 ms - 5873[0m
[0mPOST /posts/create [32m200[0m 36.389 ms - 274[0m
[0mPOST /comments/create [32m200[0m 18.500 ms - 437[0m
[0mPOST /comments/create [32m200[0m 16.891 ms - 442[0m
[0mPOST /comments/create [32m200[0m 17.096 ms - 433[0m
[0mPOST /likes/toggle/?id=64183ed9bf45854362ca1ba9&type=Comment [32m200[0m 15.945 ms - 58[0m
[0mPOST /likes/toggle/?id=64183ed4bf45854362ca1ba2&type=Comment [32m200[0m 13.729 ms - 58[0m
[0mPOST /likes/toggle/?id=64158e37755ff1839b580939&type=Post [32m200[0m 16.720 ms - 57[0m
[0mGET /comments/destroy/64183ed9bf45854362ca1ba9 [32m200[0m 9.896 ms - 75[0m
[0mGET /users/sign-out [36m302[0m 8.003 ms - 46[0m
[0mGET / [32m200[0m 16.091 ms - 6096[0m
[0mGET /users/profile/64158e69755ff1839b580951 [36m302[0m 3.663 ms - 72[0m
[0mGET /users/sign-in [32m200[0m 4.205 ms - 1961[0m
[0mGET / [32m200[0m 14.334 ms - 5879[0m
